2016-05-26 14:17:25.7547 ERROR Ссылка на объект не указывает на экземпляр объекта.    в BrokenGlassDomain.Entities.UserFactory.<RegistrationAsync>d__9.MoveNext() в C:\Development\GitRepoBrokenGlass\BrokenGlass\BrokenGlassDomain\Entities\UserFactory.cs:строка 49
--- Конец трассировка стека из предыдущего расположения, где возникло исключение ---
   в System.Runtime.CompilerServices.TaskAwaiter.ThrowForNonSuccess(Task task)
   в System.Runtime.CompilerServices.TaskAwaiter.HandleNonSuccessAndDebuggerNotification(Task task)
   в System.Runtime.CompilerServices.TaskAwaiter.GetResult()
   в BrokenGlassWebApp.Controllers.api.AccountController.<Registration>d__0.MoveNext() в C:\Development\GitRepoBrokenGlass\BrokenGlass\BrokenGlassWebApp\Controllers\api\AccountController.cs:строка 18
2016-05-26 14:18:03.8838 ERROR Ссылка на объект не указывает на экземпляр объекта.    в BrokenGlassDomain.Entities.UserFactory.<RegistrationAsync>d__9.MoveNext() в C:\Development\GitRepoBrokenGlass\BrokenGlass\BrokenGlassDomain\Entities\UserFactory.cs:строка 49
--- Конец трассировка стека из предыдущего расположения, где возникло исключение ---
   в System.Runtime.CompilerServices.TaskAwaiter.ThrowForNonSuccess(Task task)
   в System.Runtime.CompilerServices.TaskAwaiter.HandleNonSuccessAndDebuggerNotification(Task task)
   в System.Runtime.CompilerServices.TaskAwaiter.GetResult()
   в BrokenGlassWebApp.Controllers.api.AccountController.<Registration>d__0.MoveNext() в C:\Development\GitRepoBrokenGlass\BrokenGlass\BrokenGlassWebApp\Controllers\api\AccountController.cs:строка 18
2016-05-26 15:41:20.8756 ERROR A object of IdentityUser type was not create.    в BrokenGlassDomain.Entities.UserFactory.<RegistrationAsync>d__10.MoveNext() в C:\Development\GitRepoBrokenGlass\BrokenGlass\BrokenGlassDomain\Entities\UserFactory.cs:строка 66
--- Конец трассировка стека из предыдущего расположения, где возникло исключение ---
   в System.Runtime.CompilerServices.TaskAwaiter.ThrowForNonSuccess(Task task)
   в System.Runtime.CompilerServices.TaskAwaiter.HandleNonSuccessAndDebuggerNotification(Task task)
   в System.Runtime.CompilerServices.TaskAwaiter.GetResult()
   в BrokenGlassWebApp.Controllers.api.AccountController.<Registration>d__0.MoveNext() в C:\Development\GitRepoBrokenGlass\BrokenGlass\BrokenGlassWebApp\Controllers\api\AccountController.cs:строка 23
2016-05-26 15:41:40.1408 ERROR A object of IdentityUser type was not create.    в BrokenGlassDomain.Entities.UserFactory.<RegistrationAsync>d__10.MoveNext() в C:\Development\GitRepoBrokenGlass\BrokenGlass\BrokenGlassDomain\Entities\UserFactory.cs:строка 66
--- Конец трассировка стека из предыдущего расположения, где возникло исключение ---
   в System.Runtime.CompilerServices.TaskAwaiter.ThrowForNonSuccess(Task task)
   в System.Runtime.CompilerServices.TaskAwaiter.HandleNonSuccessAndDebuggerNotification(Task task)
   в System.Runtime.CompilerServices.TaskAwaiter.GetResult()
   в BrokenGlassWebApp.Controllers.api.AccountController.<Registration>d__0.MoveNext() в C:\Development\GitRepoBrokenGlass\BrokenGlass\BrokenGlassWebApp\Controllers\api\AccountController.cs:строка 23
2016-05-26 15:42:21.9691 ERROR A object of IdentityUser type was not create.    в BrokenGlassDomain.Entities.UserFactory.<RegistrationAsync>d__10.MoveNext() в C:\Development\GitRepoBrokenGlass\BrokenGlass\BrokenGlassDomain\Entities\UserFactory.cs:строка 66
--- Конец трассировка стека из предыдущего расположения, где возникло исключение ---
   в System.Runtime.CompilerServices.TaskAwaiter.ThrowForNonSuccess(Task task)
   в System.Runtime.CompilerServices.TaskAwaiter.HandleNonSuccessAndDebuggerNotification(Task task)
   в System.Runtime.CompilerServices.TaskAwaiter.GetResult()
   в BrokenGlassWebApp.Controllers.api.AccountController.<Registration>d__0.MoveNext() в C:\Development\GitRepoBrokenGlass\BrokenGlass\BrokenGlassWebApp\Controllers\api\AccountController.cs:строка 23
2016-05-26 15:42:42.7023 ERROR A object of IdentityUser type was not create.    в BrokenGlassDomain.Entities.UserFactory.<RegistrationAsync>d__10.MoveNext() в C:\Development\GitRepoBrokenGlass\BrokenGlass\BrokenGlassDomain\Entities\UserFactory.cs:строка 66
--- Конец трассировка стека из предыдущего расположения, где возникло исключение ---
   в System.Runtime.CompilerServices.TaskAwaiter.ThrowForNonSuccess(Task task)
   в System.Runtime.CompilerServices.TaskAwaiter.HandleNonSuccessAndDebuggerNotification(Task task)
   в System.Runtime.CompilerServices.TaskAwaiter.GetResult()
   в BrokenGlassWebApp.Controllers.api.AccountController.<Registration>d__0.MoveNext() в C:\Development\GitRepoBrokenGlass\BrokenGlass\BrokenGlassWebApp\Controllers\api\AccountController.cs:строка 23
2016-05-26 15:42:44.4714 ERROR A object of IdentityUser type was not create.    в BrokenGlassDomain.Entities.UserFactory.<RegistrationAsync>d__10.MoveNext() в C:\Development\GitRepoBrokenGlass\BrokenGlass\BrokenGlassDomain\Entities\UserFactory.cs:строка 66
--- Конец трассировка стека из предыдущего расположения, где возникло исключение ---
   в System.Runtime.CompilerServices.TaskAwaiter.ThrowForNonSuccess(Task task)
   в System.Runtime.CompilerServices.TaskAwaiter.HandleNonSuccessAndDebuggerNotification(Task task)
   в System.Runtime.CompilerServices.TaskAwaiter.GetResult()
   в BrokenGlassWebApp.Controllers.api.AccountController.<Registration>d__0.MoveNext() в C:\Development\GitRepoBrokenGlass\BrokenGlass\BrokenGlassWebApp\Controllers\api\AccountController.cs:строка 23
2016-05-26 15:42:48.3437 ERROR A object of IdentityUser type was not create.    в BrokenGlassDomain.Entities.UserFactory.<RegistrationAsync>d__10.MoveNext() в C:\Development\GitRepoBrokenGlass\BrokenGlass\BrokenGlassDomain\Entities\UserFactory.cs:строка 66
--- Конец трассировка стека из предыдущего расположения, где возникло исключение ---
   в System.Runtime.CompilerServices.TaskAwaiter.ThrowForNonSuccess(Task task)
   в System.Runtime.CompilerServices.TaskAwaiter.HandleNonSuccessAndDebuggerNotification(Task task)
   в System.Runtime.CompilerServices.TaskAwaiter.GetResult()
   в BrokenGlassWebApp.Controllers.api.AccountController.<Registration>d__0.MoveNext() в C:\Development\GitRepoBrokenGlass\BrokenGlass\BrokenGlassWebApp\Controllers\api\AccountController.cs:строка 23
2016-05-26 15:42:50.0497 ERROR A object of IdentityUser type was not create.    в BrokenGlassDomain.Entities.UserFactory.<RegistrationAsync>d__10.MoveNext() в C:\Development\GitRepoBrokenGlass\BrokenGlass\BrokenGlassDomain\Entities\UserFactory.cs:строка 66
--- Конец трассировка стека из предыдущего расположения, где возникло исключение ---
   в System.Runtime.CompilerServices.TaskAwaiter.ThrowForNonSuccess(Task task)
   в System.Runtime.CompilerServices.TaskAwaiter.HandleNonSuccessAndDebuggerNotification(Task task)
   в System.Runtime.CompilerServices.TaskAwaiter.GetResult()
   в BrokenGlassWebApp.Controllers.api.AccountController.<Registration>d__0.MoveNext() в C:\Development\GitRepoBrokenGlass\BrokenGlass\BrokenGlassWebApp\Controllers\api\AccountController.cs:строка 23
2016-05-26 15:42:56.3571 ERROR A object of IdentityUser type was not create.    в BrokenGlassDomain.Entities.UserFactory.<RegistrationAsync>d__10.MoveNext() в C:\Development\GitRepoBrokenGlass\BrokenGlass\BrokenGlassDomain\Entities\UserFactory.cs:строка 66
--- Конец трассировка стека из предыдущего расположения, где возникло исключение ---
   в System.Runtime.CompilerServices.TaskAwaiter.ThrowForNonSuccess(Task task)
   в System.Runtime.CompilerServices.TaskAwaiter.HandleNonSuccessAndDebuggerNotification(Task task)
   в System.Runtime.CompilerServices.TaskAwaiter.GetResult()
   в BrokenGlassWebApp.Controllers.api.AccountController.<Registration>d__0.MoveNext() в C:\Development\GitRepoBrokenGlass\BrokenGlass\BrokenGlassWebApp\Controllers\api\AccountController.cs:строка 23
2016-05-26 15:42:58.0962 ERROR A object of IdentityUser type was not create.    в BrokenGlassDomain.Entities.UserFactory.<RegistrationAsync>d__10.MoveNext() в C:\Development\GitRepoBrokenGlass\BrokenGlass\BrokenGlassDomain\Entities\UserFactory.cs:строка 66
--- Конец трассировка стека из предыдущего расположения, где возникло исключение ---
   в System.Runtime.CompilerServices.TaskAwaiter.ThrowForNonSuccess(Task task)
   в System.Runtime.CompilerServices.TaskAwaiter.HandleNonSuccessAndDebuggerNotification(Task task)
   в System.Runtime.CompilerServices.TaskAwaiter.GetResult()
   в BrokenGlassWebApp.Controllers.api.AccountController.<Registration>d__0.MoveNext() в C:\Development\GitRepoBrokenGlass\BrokenGlass\BrokenGlassWebApp\Controllers\api\AccountController.cs:строка 23
2016-05-26 15:43:01.8434 ERROR A object of IdentityUser type was not create.    в BrokenGlassDomain.Entities.UserFactory.<RegistrationAsync>d__10.MoveNext() в C:\Development\GitRepoBrokenGlass\BrokenGlass\BrokenGlassDomain\Entities\UserFactory.cs:строка 66
--- Конец трассировка стека из предыдущего расположения, где возникло исключение ---
   в System.Runtime.CompilerServices.TaskAwaiter.ThrowForNonSuccess(Task task)
   в System.Runtime.CompilerServices.TaskAwaiter.HandleNonSuccessAndDebuggerNotification(Task task)
   в System.Runtime.CompilerServices.TaskAwaiter.GetResult()
   в BrokenGlassWebApp.Controllers.api.AccountController.<Registration>d__0.MoveNext() в C:\Development\GitRepoBrokenGlass\BrokenGlass\BrokenGlassWebApp\Controllers\api\AccountController.cs:строка 23
2016-05-26 15:44:52.0547 ERROR A object of IdentityUser type was not create.    в BrokenGlassDomain.Entities.UserFactory.<RegistrationAsync>d__10.MoveNext() в C:\Development\GitRepoBrokenGlass\BrokenGlass\BrokenGlassDomain\Entities\UserFactory.cs:строка 66
--- Конец трассировка стека из предыдущего расположения, где возникло исключение ---
   в System.Runtime.CompilerServices.TaskAwaiter.ThrowForNonSuccess(Task task)
   в System.Runtime.CompilerServices.TaskAwaiter.HandleNonSuccessAndDebuggerNotification(Task task)
   в System.Runtime.CompilerServices.TaskAwaiter.GetResult()
   в BrokenGlassWebApp.Controllers.api.AccountController.<Registration>d__0.MoveNext() в C:\Development\GitRepoBrokenGlass\BrokenGlass\BrokenGlassWebApp\Controllers\api\AccountController.cs:строка 23
