2016-05-30 13:27:32.6713 ERROR В момент подтверждения аккаунта  c ID 5f7adc9d-edcb-456c-ace6-82a6c7f4a57b на сервере возникло исключение: Попытка подвтеждения уже подвержденного аккаунта muzychenkoaa@gmail.com    в BrokenGlassWebApp.Controllers.api.AccountController.<ResendUserConfiramtionMessage>d__4.MoveNext() в C:\Development\GitRepoBrokenGlass\BrokenGlass\BrokenGlassWebApp\Controllers\api\AccountController.cs:строка 119
--- Конец трассировка стека из предыдущего расположения, где возникло исключение ---
   в System.Runtime.CompilerServices.TaskAwaiter.ThrowForNonSuccess(Task task)
   в System.Runtime.CompilerServices.TaskAwaiter.HandleNonSuccessAndDebuggerNotification(Task task)
   в System.Runtime.CompilerServices.TaskAwaiter.GetResult()
   в BrokenGlassWebApp.Controllers.api.AccountController.<ConfirmEmail>d__3.MoveNext() в C:\Development\GitRepoBrokenGlass\BrokenGlass\BrokenGlassWebApp\Controllers\api\AccountController.cs:строка 89
2016-05-30 13:30:04.9776 ERROR В момент подтверждения аккаунта  c ID 5f7adc9d-edcb-456c-ace6-82a6c7f4a57b на сервере возникло исключение: Попытка подвтеждения уже подвержденного аккаунта muzychenkoaa@gmail.com    в BrokenGlassWebApp.Controllers.api.AccountController.<ResendUserConfiramtionMessage>d__4.MoveNext() в C:\Development\GitRepoBrokenGlass\BrokenGlass\BrokenGlassWebApp\Controllers\api\AccountController.cs:строка 119
--- Конец трассировка стека из предыдущего расположения, где возникло исключение ---
   в System.Runtime.CompilerServices.TaskAwaiter.ThrowForNonSuccess(Task task)
   в System.Runtime.CompilerServices.TaskAwaiter.HandleNonSuccessAndDebuggerNotification(Task task)
   в System.Runtime.CompilerServices.TaskAwaiter.GetResult()
   в BrokenGlassWebApp.Controllers.api.AccountController.<ConfirmEmail>d__3.MoveNext() в C:\Development\GitRepoBrokenGlass\BrokenGlass\BrokenGlassWebApp\Controllers\api\AccountController.cs:строка 89
2016-05-30 14:06:43.7966 ERROR В момент подтверждения аккаунта  c ID 5f7adc9d-edcb-456c-ace6-82a6c7f4a57b на сервере возникло исключение: Попытка подвтеждения уже подвержденного аккаунта muzychenkoaa@gmail.com    в BrokenGlassWebApp.Controllers.api.AccountController.<ResendUserConfiramtionMessage>d__4.MoveNext() в C:\Development\GitRepoBrokenGlass\BrokenGlass\BrokenGlassWebApp\Controllers\api\AccountController.cs:строка 121
--- Конец трассировка стека из предыдущего расположения, где возникло исключение ---
   в System.Runtime.CompilerServices.TaskAwaiter.ThrowForNonSuccess(Task task)
   в System.Runtime.CompilerServices.TaskAwaiter.HandleNonSuccessAndDebuggerNotification(Task task)
   в System.Runtime.CompilerServices.TaskAwaiter.GetResult()
   в BrokenGlassWebApp.Controllers.api.AccountController.<ConfirmEmail>d__3.MoveNext() в C:\Development\GitRepoBrokenGlass\BrokenGlass\BrokenGlassWebApp\Controllers\api\AccountController.cs:строка 90
2016-05-30 14:09:09.5579 ERROR В момент подтверждения аккаунта  c ID 5f7adc9d-edcb-456c-ace6-82a6c7f4a57b на сервере возникло исключение: Попытка подвтеждения уже подвержденного аккаунта muzychenkoaa@gmail.com    в BrokenGlassWebApp.Controllers.api.AccountController.<ResendUserConfiramtionMessage>d__4.MoveNext() в C:\Development\GitRepoBrokenGlass\BrokenGlass\BrokenGlassWebApp\Controllers\api\AccountController.cs:строка 122
--- Конец трассировка стека из предыдущего расположения, где возникло исключение ---
   в System.Runtime.CompilerServices.TaskAwaiter.ThrowForNonSuccess(Task task)
   в System.Runtime.CompilerServices.TaskAwaiter.HandleNonSuccessAndDebuggerNotification(Task task)
   в System.Runtime.CompilerServices.TaskAwaiter.GetResult()
   в BrokenGlassWebApp.Controllers.api.AccountController.<ConfirmEmail>d__3.MoveNext() в C:\Development\GitRepoBrokenGlass\BrokenGlass\BrokenGlassWebApp\Controllers\api\AccountController.cs:строка 91
2016-05-30 14:15:34.2089 ERROR В момент подтверждения аккаунта  c ID 5f7adc9d-edcb-456c-ace6-82a6c7f4a57b на сервере возникло исключение: Попытка подвтеждения уже подвержденного аккаунта muzychenkoaa@gmail.com    в BrokenGlassWebApp.Controllers.api.AccountController.<ResendUserConfiramtionMessage>d__4.MoveNext() в C:\Development\GitRepoBrokenGlass\BrokenGlass\BrokenGlassWebApp\Controllers\api\AccountController.cs:строка 121
--- Конец трассировка стека из предыдущего расположения, где возникло исключение ---
   в System.Runtime.CompilerServices.TaskAwaiter.ThrowForNonSuccess(Task task)
   в System.Runtime.CompilerServices.TaskAwaiter.HandleNonSuccessAndDebuggerNotification(Task task)
   в System.Runtime.CompilerServices.TaskAwaiter.GetResult()
   в BrokenGlassWebApp.Controllers.api.AccountController.<ConfirmEmail>d__3.MoveNext() в C:\Development\GitRepoBrokenGlass\BrokenGlass\BrokenGlassWebApp\Controllers\api\AccountController.cs:строка 91
2016-05-30 14:34:06.7836 ERROR В момент подтверждения аккаунта  c ID 5f7adc9d-edcb-456c-ace6-82a6c7f4a57b на сервере возникло исключение: Попытка подвтеждения уже подвержденного аккаунта muzychenkoaa@gmail.com    в BrokenGlassWebApp.Controllers.api.AccountController.<ResendUserConfiramtionMessage>d__4.MoveNext() в C:\Development\GitRepoBrokenGlass\BrokenGlass\BrokenGlassWebApp\Controllers\api\AccountController.cs:строка 120
--- Конец трассировка стека из предыдущего расположения, где возникло исключение ---
   в System.Runtime.CompilerServices.TaskAwaiter.ThrowForNonSuccess(Task task)
   в System.Runtime.CompilerServices.TaskAwaiter.HandleNonSuccessAndDebuggerNotification(Task task)
   в System.Runtime.CompilerServices.TaskAwaiter.GetResult()
   в BrokenGlassWebApp.Controllers.api.AccountController.<ConfirmEmail>d__3.MoveNext() в C:\Development\GitRepoBrokenGlass\BrokenGlass\BrokenGlassWebApp\Controllers\api\AccountController.cs:строка 89
2016-05-30 14:34:30.0199 ERROR В момент подтверждения аккаунта  c ID 5f7adc9d-edcb-456c-ace6-82a6c7f4a57b на сервере возникло исключение: Попытка подвтеждения уже подвержденного аккаунта muzychenkoaa@gmail.com    в BrokenGlassWebApp.Controllers.api.AccountController.<ResendUserConfiramtionMessage>d__4.MoveNext() в C:\Development\GitRepoBrokenGlass\BrokenGlass\BrokenGlassWebApp\Controllers\api\AccountController.cs:строка 120
--- Конец трассировка стека из предыдущего расположения, где возникло исключение ---
   в System.Runtime.CompilerServices.TaskAwaiter.ThrowForNonSuccess(Task task)
   в System.Runtime.CompilerServices.TaskAwaiter.HandleNonSuccessAndDebuggerNotification(Task task)
   в System.Runtime.CompilerServices.TaskAwaiter.GetResult()
   в BrokenGlassWebApp.Controllers.api.AccountController.<ConfirmEmail>d__3.MoveNext() в C:\Development\GitRepoBrokenGlass\BrokenGlass\BrokenGlassWebApp\Controllers\api\AccountController.cs:строка 89
2016-05-30 14:34:36.7443 ERROR В момент подтверждения аккаунта  c ID 5f7adc9d-edcb-456c-ace6-82a6c7f4a57b на сервере возникло исключение: Попытка подвтеждения уже подвержденного аккаунта muzychenkoaa@gmail.com    в BrokenGlassWebApp.Controllers.api.AccountController.<ResendUserConfiramtionMessage>d__4.MoveNext() в C:\Development\GitRepoBrokenGlass\BrokenGlass\BrokenGlassWebApp\Controllers\api\AccountController.cs:строка 120
--- Конец трассировка стека из предыдущего расположения, где возникло исключение ---
   в System.Runtime.CompilerServices.TaskAwaiter.ThrowForNonSuccess(Task task)
   в System.Runtime.CompilerServices.TaskAwaiter.HandleNonSuccessAndDebuggerNotification(Task task)
   в System.Runtime.CompilerServices.TaskAwaiter.GetResult()
   в BrokenGlassWebApp.Controllers.api.AccountController.<ConfirmEmail>d__3.MoveNext() в C:\Development\GitRepoBrokenGlass\BrokenGlass\BrokenGlassWebApp\Controllers\api\AccountController.cs:строка 89
